[0.007s] Invoking command in '/home/srikrishna/Desktop/Projects/scale_est/colcon_ws/src/orbslam3_ros2/build/orbslam3': CMAKE_PREFIX_PATH=/home/srikrishna/Projects_ROS/px4_ws/install/px4_msgs:/home/srikrishna/Projects_ROS/ws_xrce_dds_agent/install/px4_msgs:/home/srikrishna/Projects_ROS/ws_xrce_dds_agent/install/microxrcedds_agent:/opt/ros/humble:/home/srikrishna/catkin_ws/devel PS1=(orbslam3_ros2) \[\e]0;\u@\h: \w\a\]${debian_chroot:+($debian_chroot)}\[\033[01;32m\]\u@\h\[\033[00m\]:\[\033[01;34m\]\w\[\033[00m\]\$ VIRTUAL_ENV_PROMPT=(orbslam3_ros2) /usr/bin/cmake --build /home/srikrishna/Desktop/Projects/scale_est/colcon_ws/src/orbslam3_ros2/build/orbslam3 -- -j20 -l20
[0.045s] [35m[1mConsolidate compiler generated dependencies of target stereo-inertial[0m
[0.051s] [ 25%] Built target rgbd
[0.053s] [ 33%] [32m[1mLinking CXX executable stereo[0m
[0.054s] [ 58%] Built target mono
[0.063s] [ 83%] Built target stereo-inertial
[0.237s] /usr/bin/ld: CMakeFiles/stereo.dir/src/stereo/stereo-slam-node.cpp.o: undefined reference to symbol '_ZN2cv23initUndistortRectifyMapERKNS_11_InputArrayES2_S2_S2_NS_5Size_IiEEiRKNS_12_OutputArrayES7_'
[0.237s] /usr/bin/ld: /lib/x86_64-linux-gnu/libopencv_calib3d.so.4.5d: error adding symbols: DSO missing from command line
[0.239s] collect2: error: ld returned 1 exit status
[0.241s] gmake[2]: *** [CMakeFiles/stereo.dir/build.make:217: stereo] Error 1
[0.241s] gmake[1]: *** [CMakeFiles/Makefile2:195: CMakeFiles/stereo.dir/all] Error 2
[0.241s] gmake: *** [Makefile:146: all] Error 2
[0.243s] Invoked command in '/home/srikrishna/Desktop/Projects/scale_est/colcon_ws/src/orbslam3_ros2/build/orbslam3' returned '2': CMAKE_PREFIX_PATH=/home/srikrishna/Projects_ROS/px4_ws/install/px4_msgs:/home/srikrishna/Projects_ROS/ws_xrce_dds_agent/install/px4_msgs:/home/srikrishna/Projects_ROS/ws_xrce_dds_agent/install/microxrcedds_agent:/opt/ros/humble:/home/srikrishna/catkin_ws/devel PS1=(orbslam3_ros2) \[\e]0;\u@\h: \w\a\]${debian_chroot:+($debian_chroot)}\[\033[01;32m\]\u@\h\[\033[00m\]:\[\033[01;34m\]\w\[\033[00m\]\$ VIRTUAL_ENV_PROMPT=(orbslam3_ros2) /usr/bin/cmake --build /home/srikrishna/Desktop/Projects/scale_est/colcon_ws/src/orbslam3_ros2/build/orbslam3 -- -j20 -l20
